# JRE version: 7.0_07-b10
# Java VM: Java HotSpot(TM) 64-Bit Server VM (23.3-b01 mixed mode windows-amd64 compressed oops)
Heap
 PSYoungGen      total 18880K, used 15193K [0x00000000eaeb0000, 0x00000000ec3c0000, 0x0000000100000000)
  eden space 16192K, 93% used [0x00000000eaeb0000,0x00000000ebd76420,0x00000000ebe80000)
  from space 2688K, 2% used [0x00000000ebe80000,0x00000000ebe90000,0x00000000ec120000)
  to   space 2688K, 0% used [0x00000000ec120000,0x00000000ec120000,0x00000000ec3c0000)
 ParOldGen       total 43136K, used 1868K [0x00000000c0c00000, 0x00000000c3620000, 0x00000000eaeb0000)
  object space 43136K, 4% used [0x00000000c0c00000,0x00000000c0dd3198,0x00000000c3620000)
 PSPermGen       total 21248K, used 10278K [0x00000000bba00000, 0x00000000bcec0000, 0x00000000c0c00000)
  object space 21248K, 48% used [0x00000000bba00000,0x00000000bc409818,0x00000000bcec0000)
GC Heap History (10 events):
Event: 4.984 GC heap before
{Heap before GC invocations=3 (full 0):
 PSYoungGen      total 18880K, used 18053K [0x00000000eaeb0000, 0x00000000ec3c0000, 0x0000000100000000)
  eden space 16192K, 100% used [0x00000000eaeb0000,0x00000000ebe80000,0x00000000ebe80000)
  from space 2688K, 69% used [0x00000000ec120000,0x00000000ec2f15a0,0x00000000ec3c0000)
  to   space 2688K, 0% used [0x00000000ebe80000,0x00000000ebe80000,0x00000000ec120000)
 ParOldGen       total 43136K, used 16K [0x00000000c0c00000, 0x00000000c3620000, 0x00000000eaeb0000)
  object space 43136K, 0% used [0x00000000c0c00000,0x00000000c0c04000,0x00000000c3620000)
 PSPermGen       total 21248K, used 10255K [0x00000000bba00000, 0x00000000bcec0000, 0x00000000c0c00000)
  object space 21248K, 48% used [0x00000000bba00000,0x00000000bc403c98,0x00000000bcec0000)
Event: 4.989 GC heap after
Heap after GC invocations=3 (full 0):
 PSYoungGen      total 18880K, used 1857K [0x00000000eaeb0000, 0x00000000ec3c0000, 0x0000000100000000)
  eden space 16192K, 0% used [0x00000000eaeb0000,0x00000000eaeb0000,0x00000000ebe80000)
  from space 2688K, 69% used [0x00000000ebe80000,0x00000000ec050480,0x00000000ec120000)
  to   space 2688K, 0% used [0x00000000ec120000,0x00000000ec120000,0x00000000ec3c0000)
 ParOldGen       total 43136K, used 16K [0x00000000c0c00000, 0x00000000c3620000, 0x00000000eaeb0000)
  object space 43136K, 0% used [0x00000000c0c00000,0x00000000c0c04000,0x00000000c3620000)
 PSPermGen       total 21248K, used 10255K [0x00000000bba00000, 0x00000000bcec0000, 0x00000000c0c00000)
  object space 21248K, 48% used [0x00000000bba00000,0x00000000bc403c98,0x00000000bcec0000)
}
Event: 5.133 GC heap before
{Heap before GC invocations=4 (full 0):
 PSYoungGen      total 18880K, used 18049K [0x00000000eaeb0000, 0x00000000ec3c0000, 0x0000000100000000)
  eden space 16192K, 100% used [0x00000000eaeb0000,0x00000000ebe80000,0x00000000ebe80000)
  from space 2688K, 69% used [0x00000000ebe80000,0x00000000ec050480,0x00000000ec120000)
  to   space 2688K, 0% used [0x00000000ec120000,0x00000000ec120000,0x00000000ec3c0000)
 ParOldGen       total 43136K, used 16K [0x00000000c0c00000, 0x00000000c3620000, 0x00000000eaeb0000)
  object space 43136K, 0% used [0x00000000c0c00000,0x00000000c0c04000,0x00000000c3620000)
 PSPermGen       total 21248K, used 10255K [0x00000000bba00000, 0x00000000bcec0000, 0x00000000c0c00000)
  object space 21248K, 48% used [0x00000000bba00000,0x00000000bc403c98,0x00000000bcec0000)
Event: 5.138 GC heap after
Heap after GC invocations=4 (full 0):
 PSYoungGen      total 18880K, used 1857K [0x00000000eaeb0000, 0x00000000ec3c0000, 0x0000000100000000)
  eden space 16192K, 0% used [0x00000000eaeb0000,0x00000000eaeb0000,0x00000000ebe80000)
  from space 2688K, 69% used [0x00000000ec120000,0x00000000ec2f0480,0x00000000ec3c0000)
  to   space 2688K, 0% used [0x00000000ebe80000,0x00000000ebe80000,0x00000000ec120000)
 ParOldGen       total 43136K, used 24K [0x00000000c0c00000, 0x00000000c3620000, 0x00000000eaeb0000)
  object space 43136K, 0% used [0x00000000c0c00000,0x00000000c0c06000,0x00000000c3620000)
 PSPermGen       total 21248K, used 10255K [0x00000000bba00000, 0x00000000bcec0000, 0x00000000c0c00000)
  object space 21248K, 48% used [0x00000000bba00000,0x00000000bc403c98,0x00000000bcec0000)
}
Event: 5.224 GC heap before
{Heap before GC invocations=5 (full 0):
 PSYoungGen      total 18880K, used 18049K [0x00000000eaeb0000, 0x00000000ec3c0000, 0x0000000100000000)
  eden space 16192K, 100% used [0x00000000eaeb0000,0x00000000ebe80000,0x00000000ebe80000)
  from space 2688K, 69% used [0x00000000ec120000,0x00000000ec2f0480,0x00000000ec3c0000)
  to   space 2688K, 0% used [0x00000000ebe80000,0x00000000ebe80000,0x00000000ec120000)
 ParOldGen       total 43136K, used 24K [0x00000000c0c00000, 0x00000000c3620000, 0x00000000eaeb0000)
  object space 43136K, 0% used [0x00000000c0c00000,0x00000000c0c06000,0x00000000c3620000)
 PSPermGen       total 21248K, used 10255K [0x00000000bba00000, 0x00000000bcec0000, 0x00000000c0c00000)
  object space 21248K, 48% used [0x00000000bba00000,0x00000000bc403c98,0x00000000bcec0000)
Event: 5.229 GC heap after
Heap after GC invocations=5 (full 0):
 PSYoungGen      total 18880K, used 1841K [0x00000000eaeb0000, 0x00000000ec3c0000, 0x0000000100000000)
  eden space 16192K, 0% used [0x00000000eaeb0000,0x00000000eaeb0000,0x00000000ebe80000)
  from space 2688K, 68% used [0x00000000ebe80000,0x00000000ec04c490,0x00000000ec120000)
  to   space 2688K, 0% used [0x00000000ec120000,0x00000000ec120000,0x00000000ec3c0000)
 ParOldGen       total 43136K, used 24K [0x00000000c0c00000, 0x00000000c3620000, 0x00000000eaeb0000)
  object space 43136K, 0% used [0x00000000c0c00000,0x00000000c0c06000,0x00000000c3620000)
 PSPermGen       total 21248K, used 10255K [0x00000000bba00000, 0x00000000bcec0000, 0x00000000c0c00000)
  object space 21248K, 48% used [0x00000000bba00000,0x00000000bc403c98,0x00000000bcec0000)
}
Event: 5.316 GC heap before
{Heap before GC invocations=6 (full 0):
 PSYoungGen      total 18880K, used 18033K [0x00000000eaeb0000, 0x00000000ec3c0000, 0x0000000100000000)
  eden space 16192K, 100% used [0x00000000eaeb0000,0x00000000ebe80000,0x00000000ebe80000)
  from space 2688K, 68% used [0x00000000ebe80000,0x00000000ec04c490,0x00000000ec120000)
  to   space 2688K, 0% used [0x00000000ec120000,0x00000000ec120000,0x00000000ec3c0000)
 ParOldGen       total 43136K, used 24K [0x00000000c0c00000, 0x00000000c3620000, 0x00000000eaeb0000)
  object space 43136K, 0% used [0x00000000c0c00000,0x00000000c0c06000,0x00000000c3620000)
 PSPermGen       total 21248K, used 10255K [0x00000000bba00000, 0x00000000bcec0000, 0x00000000c0c00000)
  object space 21248K, 48% used [0x00000000bba00000,0x00000000bc403c98,0x00000000bcec0000)
Event: 5.320 GC heap after
Heap after GC invocations=6 (full 0):
 PSYoungGen      total 18880K, used 1861K [0x00000000eaeb0000, 0x00000000ec3c0000, 0x0000000100000000)
  eden space 16192K, 0% used [0x00000000eaeb0000,0x00000000eaeb0000,0x00000000ebe80000)
  from space 2688K, 69% used [0x00000000ec120000,0x00000000ec2f15a0,0x00000000ec3c0000)
  to   space 2688K, 0% used [0x00000000ebe80000,0x00000000ebe80000,0x00000000ec120000)
 ParOldGen       total 43136K, used 24K [0x00000000c0c00000, 0x00000000c3620000, 0x00000000eaeb0000)
  object space 43136K, 0% used [0x00000000c0c00000,0x00000000c0c06000,0x00000000c3620000)
 PSPermGen       total 21248K, used 10255K [0x00000000bba00000, 0x00000000bcec0000, 0x00000000c0c00000)
  object space 21248K, 48% used [0x00000000bba00000,0x00000000bc403c98,0x00000000bcec0000)
}
Event: 5.410 GC heap before
{Heap before GC invocations=7 (full 0):
 PSYoungGen      total 18880K, used 18053K [0x00000000eaeb0000, 0x00000000ec3c0000, 0x0000000100000000)
  eden space 16192K, 100% used [0x00000000eaeb0000,0x00000000ebe80000,0x00000000ebe80000)
  from space 2688K, 69% used [0x00000000ec120000,0x00000000ec2f15a0,0x00000000ec3c0000)
  to   space 2688K, 0% used [0x00000000ebe80000,0x00000000ebe80000,0x00000000ec120000)
 ParOldGen       total 43136K, used 24K [0x00000000c0c00000, 0x00000000c3620000, 0x00000000eaeb0000)
  object space 43136K, 0% used [0x00000000c0c00000,0x00000000c0c06000,0x00000000c3620000)
 PSPermGen       total 21248K, used 10273K [0x00000000bba00000, 0x00000000bcec0000, 0x00000000c0c00000)
  object space 21248K, 48% used [0x00000000bba00000,0x00000000bc408628,0x00000000bcec0000)
Event: 5.415 GC heap after
Heap after GC invocations=7 (full 0):
 PSYoungGen      total 18880K, used 64K [0x00000000eaeb0000, 0x00000000ec3c0000, 0x0000000100000000)
  eden space 16192K, 0% used [0x00000000eaeb0000,0x00000000eaeb0000,0x00000000ebe80000)
  from space 2688K, 2% used [0x00000000ebe80000,0x00000000ebe90000,0x00000000ec120000)
  to   space 2688K, 0% used [0x00000000ec120000,0x00000000ec120000,0x00000000ec3c0000)
 ParOldGen       total 43136K, used 1868K [0x00000000c0c00000, 0x00000000c3620000, 0x00000000eaeb0000)
  object space 43136K, 4% used [0x00000000c0c00000,0x00000000c0dd3198,0x00000000c3620000)
 PSPermGen       total 21248K, used 10273K [0x00000000bba00000, 0x00000000bcec0000, 0x00000000c0c00000)
  object space 21248K, 48% used [0x00000000bba00000,0x00000000bc408628,0x00000000bcec0000)
}

