# JRE version: 7.0_07-b10
# Java VM: Java HotSpot(TM) 64-Bit Server VM (23.3-b01 mixed mode windows-amd64 compressed oops)
Heap
 PSYoungGen      total 18880K, used 4636K [0x00000000eaeb0000, 0x00000000ec3c0000, 0x0000000100000000)
  eden space 16192K, 17% used [0x00000000eaeb0000,0x00000000eb161b28,0x00000000ebe80000)
  from space 2688K, 69% used [0x00000000ec120000,0x00000000ec2f5590,0x00000000ec3c0000)
  to   space 2688K, 0% used [0x00000000ebe80000,0x00000000ebe80000,0x00000000ec120000)
 ParOldGen       total 43136K, used 24K [0x00000000c0c00000, 0x00000000c3620000, 0x00000000eaeb0000)
  object space 43136K, 0% used [0x00000000c0c00000,0x00000000c0c06000,0x00000000c3620000)
 PSPermGen       total 21248K, used 10255K [0x00000000bba00000, 0x00000000bcec0000, 0x00000000c0c00000)
  object space 21248K, 48% used [0x00000000bba00000,0x00000000bc403c58,0x00000000bcec0000)
GC Heap History (8 events):
Event: 4.126 GC heap before
{Heap before GC invocations=1 (full 0):
 PSYoungGen      total 18880K, used 16192K [0x00000000eaeb0000, 0x00000000ec3c0000, 0x0000000100000000)
  eden space 16192K, 100% used [0x00000000eaeb0000,0x00000000ebe80000,0x00000000ebe80000)
  from space 2688K, 0% used [0x00000000ec120000,0x00000000ec120000,0x00000000ec3c0000)
  to   space 2688K, 0% used [0x00000000ebe80000,0x00000000ebe80000,0x00000000ec120000)
 ParOldGen       total 43136K, used 0K [0x00000000c0c00000, 0x00000000c3620000, 0x00000000eaeb0000)
  object space 43136K, 0% used [0x00000000c0c00000,0x00000000c0c00000,0x00000000c3620000)
 PSPermGen       total 21248K, used 10192K [0x00000000bba00000, 0x00000000bcec0000, 0x00000000c0c00000)
  object space 21248K, 47% used [0x00000000bba00000,0x00000000bc3f4090,0x00000000bcec0000)
Event: 4.131 GC heap after
Heap after GC invocations=1 (full 0):
 PSYoungGen      total 18880K, used 1895K [0x00000000eaeb0000, 0x00000000ec3c0000, 0x0000000100000000)
  eden space 16192K, 0% used [0x00000000eaeb0000,0x00000000eaeb0000,0x00000000ebe80000)
  from space 2688K, 70% used [0x00000000ebe80000,0x00000000ec059e30,0x00000000ec120000)
  to   space 2688K, 0% used [0x00000000ec120000,0x00000000ec120000,0x00000000ec3c0000)
 ParOldGen       total 43136K, used 8K [0x00000000c0c00000, 0x00000000c3620000, 0x00000000eaeb0000)
  object space 43136K, 0% used [0x00000000c0c00000,0x00000000c0c02000,0x00000000c3620000)
 PSPermGen       total 21248K, used 10192K [0x00000000bba00000, 0x00000000bcec0000, 0x00000000c0c00000)
  object space 21248K, 47% used [0x00000000bba00000,0x00000000bc3f4090,0x00000000bcec0000)
}
Event: 4.273 GC heap before
{Heap before GC invocations=2 (full 0):
 PSYoungGen      total 18880K, used 18087K [0x00000000eaeb0000, 0x00000000ec3c0000, 0x0000000100000000)
  eden space 16192K, 100% used [0x00000000eaeb0000,0x00000000ebe80000,0x00000000ebe80000)
  from space 2688K, 70% used [0x00000000ebe80000,0x00000000ec059e30,0x00000000ec120000)
  to   space 2688K, 0% used [0x00000000ec120000,0x00000000ec120000,0x00000000ec3c0000)
 ParOldGen       total 43136K, used 8K [0x00000000c0c00000, 0x00000000c3620000, 0x00000000eaeb0000)
  object space 43136K, 0% used [0x00000000c0c00000,0x00000000c0c02000,0x00000000c3620000)
 PSPermGen       total 21248K, used 10201K [0x00000000bba00000, 0x00000000bcec0000, 0x00000000c0c00000)
  object space 21248K, 48% used [0x00000000bba00000,0x00000000bc3f67c8,0x00000000bcec0000)
Event: 4.277 GC heap after
Heap after GC invocations=2 (full 0):
 PSYoungGen      total 18880K, used 1875K [0x00000000eaeb0000, 0x00000000ec3c0000, 0x0000000100000000)
  eden space 16192K, 0% used [0x00000000eaeb0000,0x00000000eaeb0000,0x00000000ebe80000)
  from space 2688K, 69% used [0x00000000ec120000,0x00000000ec2f4d20,0x00000000ec3c0000)
  to   space 2688K, 0% used [0x00000000ebe80000,0x00000000ebe80000,0x00000000ec120000)
 ParOldGen       total 43136K, used 16K [0x00000000c0c00000, 0x00000000c3620000, 0x00000000eaeb0000)
  object space 43136K, 0% used [0x00000000c0c00000,0x00000000c0c04000,0x00000000c3620000)
 PSPermGen       total 21248K, used 10201K [0x00000000bba00000, 0x00000000bcec0000, 0x00000000c0c00000)
  object space 21248K, 48% used [0x00000000bba00000,0x00000000bc3f67c8,0x00000000bcec0000)
}
Event: 4.389 GC heap before
{Heap before GC invocations=3 (full 0):
 PSYoungGen      total 18880K, used 18067K [0x00000000eaeb0000, 0x00000000ec3c0000, 0x0000000100000000)
  eden space 16192K, 100% used [0x00000000eaeb0000,0x00000000ebe80000,0x00000000ebe80000)
  from space 2688K, 69% used [0x00000000ec120000,0x00000000ec2f4d20,0x00000000ec3c0000)
  to   space 2688K, 0% used [0x00000000ebe80000,0x00000000ebe80000,0x00000000ec120000)
 ParOldGen       total 43136K, used 16K [0x00000000c0c00000, 0x00000000c3620000, 0x00000000eaeb0000)
  object space 43136K, 0% used [0x00000000c0c00000,0x00000000c0c04000,0x00000000c3620000)
 PSPermGen       total 21248K, used 10255K [0x00000000bba00000, 0x00000000bcec0000, 0x00000000c0c00000)
  object space 21248K, 48% used [0x00000000bba00000,0x00000000bc403c58,0x00000000bcec0000)
Event: 4.393 GC heap after
Heap after GC invocations=3 (full 0):
 PSYoungGen      total 18880K, used 1863K [0x00000000eaeb0000, 0x00000000ec3c0000, 0x0000000100000000)
  eden space 16192K, 0% used [0x00000000eaeb0000,0x00000000eaeb0000,0x00000000ebe80000)
  from space 2688K, 69% used [0x00000000ebe80000,0x00000000ec051e30,0x00000000ec120000)
  to   space 2688K, 0% used [0x00000000ec120000,0x00000000ec120000,0x00000000ec3c0000)
 ParOldGen       total 43136K, used 24K [0x00000000c0c00000, 0x00000000c3620000, 0x00000000eaeb0000)
  object space 43136K, 0% used [0x00000000c0c00000,0x00000000c0c06000,0x00000000c3620000)
 PSPermGen       total 21248K, used 10255K [0x00000000bba00000, 0x00000000bcec0000, 0x00000000c0c00000)
  object space 21248K, 48% used [0x00000000bba00000,0x00000000bc403c58,0x00000000bcec0000)
}
Event: 4.515 GC heap before
{Heap before GC invocations=4 (full 0):
 PSYoungGen      total 18880K, used 18055K [0x00000000eaeb0000, 0x00000000ec3c0000, 0x0000000100000000)
  eden space 16192K, 100% used [0x00000000eaeb0000,0x00000000ebe80000,0x00000000ebe80000)
  from space 2688K, 69% used [0x00000000ebe80000,0x00000000ec051e30,0x00000000ec120000)
  to   space 2688K, 0% used [0x00000000ec120000,0x00000000ec120000,0x00000000ec3c0000)
 ParOldGen       total 43136K, used 24K [0x00000000c0c00000, 0x00000000c3620000, 0x00000000eaeb0000)
  object space 43136K, 0% used [0x00000000c0c00000,0x00000000c0c06000,0x00000000c3620000)
 PSPermGen       total 21248K, used 10255K [0x00000000bba00000, 0x00000000bcec0000, 0x00000000c0c00000)
  object space 21248K, 48% used [0x00000000bba00000,0x00000000bc403c58,0x00000000bcec0000)
Event: 4.522 GC heap after
Heap after GC invocations=4 (full 0):
 PSYoungGen      total 18880K, used 1877K [0x00000000eaeb0000, 0x00000000ec3c0000, 0x0000000100000000)
  eden space 16192K, 0% used [0x00000000eaeb0000,0x00000000eaeb0000,0x00000000ebe80000)
  from space 2688K, 69% used [0x00000000ec120000,0x00000000ec2f5590,0x00000000ec3c0000)
  to   space 2688K, 0% used [0x00000000ebe80000,0x00000000ebe80000,0x00000000ec120000)
 ParOldGen       total 43136K, used 24K [0x00000000c0c00000, 0x00000000c3620000, 0x00000000eaeb0000)
  object space 43136K, 0% used [0x00000000c0c00000,0x00000000c0c06000,0x00000000c3620000)
 PSPermGen       total 21248K, used 10255K [0x00000000bba00000, 0x00000000bcec0000, 0x00000000c0c00000)
  object space 21248K, 48% used [0x00000000bba00000,0x00000000bc403c58,0x00000000bcec0000)
}

